<?xml version="1.0" encoding="UTF-8"?>
<!-- Generated by org.testng.reporters.JUnitReportReporter -->
<testsuite hostname="C100-96s-iMac.local" failures="0" tests="1" name="Site.Saturday_April" time="14.228" errors="0" timestamp="2023-04-29T12:33:29 IST" skipped="0">
  <testcase classname="Site.Saturday_April" name="navigation" time="14.228"/>
  <system-out/>
</testsuite> <!-- Site.Saturday_April -->
